
*** Running vivado
    with args -log NEXYS4_DDR.vds -m64 -product Vivado -mode batch -messageDb vivado.pb -notrace -source NEXYS4_DDR.tcl



****** Vivado v2020.3 (64-bit)
  **** SW Build 3173277 on Wed Apr  7 05:07:49 MDT 2021
  **** IP Build 3174024 on Wed Apr  7 23:42:35 MDT 2021
    ** Copyright 1986-2021 Xilinx, Inc. All Rights Reserved.

source NEXYS4_DDR.tcl -notrace
Command: synth_design -top NEXYS4_DDR -part xcvc1802-viva1596-1LHP-i-L
Starting synth_design
WARNING: [Vivado_Tcl 4-393] The 'Synthesis' target of the following IPs are stale, please generate the output products using the generate_target or synth_ip command before running synth_design.
C:/Users/DELL/Desktop/lab1/lab1/lab1/activecore/designs/rtl/udm/syn/NEXYS4-DDR/NEXYS4_DDR.srcs/sources_1/ip/sys_clk/sys_clk.xci

WARNING: [Vivado_Tcl 4-393] The 'Implementation' target of the following IPs are stale, please generate the output products using the generate_target or synth_ip command before running synth_design.
C:/Users/DELL/Desktop/lab1/lab1/lab1/activecore/designs/rtl/udm/syn/NEXYS4-DDR/NEXYS4_DDR.srcs/sources_1/ip/sys_clk/sys_clk.xci

INFO: [IP_Flow 19-2162] IP 'sys_clk' is locked:
* IP 'sys_clk' does not support the current project part 'xcvc1802-viva1596-1LHP-i-L'. Note that part differences may result in undefined behavior. * IP definition 'Clocking Wizard (6.0)' for IP 'sys_clk' (customized with software release 2019.2) has a different revision in the IP Catalog.
Attempting to get a license for feature 'Synthesis' and/or device 'xcvc1802'
INFO: [Common 17-349] Got license for feature 'Synthesis' and/or device 'xcvc1802'
INFO: [Device 21-403] Loading part xcvc1802-viva1596-1LHP-i-L
WARNING: [Device 21-713] Unknown Tile Type, SLL, given for group, SLL
INFO: [Synth 8-7079] Multithreading enabled for synth_design using a maximum of 2 processes.
INFO: [Synth 8-7078] Launching helper process for spawning children vivado processes
INFO: [Synth 8-7075] Helper process launched with PID 10372
load Versal unisim library
load Versal unisim library
---------------------------------------------------------------------------------
Starting RTL Elaboration : Time (s): cpu = 00:00:03 ; elapsed = 00:00:04 . Memory (MB): peak = 1532.652 ; gain = 260.184
---------------------------------------------------------------------------------
INFO: [Synth 8-6157] synthesizing module 'NEXYS4_DDR' [C:/Users/DELL/Desktop/lab1/lab1/lab1/activecore/designs/rtl/udm/syn/NEXYS4-DDR/NEXYS4_DDR.sv:10]
INFO: [Synth 8-6157] synthesizing module 'sys_clk' [C:/Users/DELL/Desktop/lab1/lab1/lab1/activecore/designs/rtl/udm/syn/NEXYS4-DDR/NEXYS4_DDR.runs/synth_1/.Xil/Vivado-5028-DESKTOP-CHU98O4/realtime/sys_clk_stub.v:5]
INFO: [Synth 8-6155] done synthesizing module 'sys_clk' (1#1) [C:/Users/DELL/Desktop/lab1/lab1/lab1/activecore/designs/rtl/udm/syn/NEXYS4-DDR/NEXYS4_DDR.runs/synth_1/.Xil/Vivado-5028-DESKTOP-CHU98O4/realtime/sys_clk_stub.v:5]
INFO: [Synth 8-6157] synthesizing module 'reset_sync' [C:/Users/DELL/Desktop/lab1/lab1/lab1/activecore/designs/rtl/reset_sync/reset_sync.v:1]
INFO: [Synth 8-6155] done synthesizing module 'reset_sync' (2#1) [C:/Users/DELL/Desktop/lab1/lab1/lab1/activecore/designs/rtl/reset_sync/reset_sync.v:1]
INFO: [Synth 8-6157] synthesizing module 'udm' [C:/Users/DELL/Desktop/lab1/lab1/lab1/activecore/designs/rtl/udm/hdl/udm.v:10]
	Parameter BUS_TIMEOUT bound to: 104857600 - type: integer 
	Parameter RTX_EXTERNAL_OVERRIDE bound to: NO - type: string 
INFO: [Synth 8-6157] synthesizing module 'uart_rx' [C:/Users/DELL/Desktop/lab1/lab1/lab1/activecore/designs/rtl/udm/hdl/uart_rx.v:10]
	Parameter RTX_EXTERNAL_OVERRIDE bound to: NO - type: string 
INFO: [Synth 8-155] case statement is not full and has no default [C:/Users/DELL/Desktop/lab1/lab1/lab1/activecore/designs/rtl/udm/hdl/uart_rx.v:68]
INFO: [Synth 8-6155] done synthesizing module 'uart_rx' (3#1) [C:/Users/DELL/Desktop/lab1/lab1/lab1/activecore/designs/rtl/udm/hdl/uart_rx.v:10]
INFO: [Synth 8-6157] synthesizing module 'uart_tx' [C:/Users/DELL/Desktop/lab1/lab1/lab1/activecore/designs/rtl/udm/hdl/uart_tx.v:10]
	Parameter RTX_EXTERNAL_OVERRIDE bound to: NO - type: string 
INFO: [Synth 8-155] case statement is not full and has no default [C:/Users/DELL/Desktop/lab1/lab1/lab1/activecore/designs/rtl/udm/hdl/uart_tx.v:53]
INFO: [Synth 8-6155] done synthesizing module 'uart_tx' (4#1) [C:/Users/DELL/Desktop/lab1/lab1/lab1/activecore/designs/rtl/udm/hdl/uart_tx.v:10]
INFO: [Synth 8-6157] synthesizing module 'udm_controller' [C:/Users/DELL/Desktop/lab1/lab1/lab1/activecore/designs/rtl/udm/hdl/udm_controller.v:10]
	Parameter BUS_TIMEOUT bound to: 104857600 - type: integer 
INFO: [Synth 8-6155] done synthesizing module 'udm_controller' (5#1) [C:/Users/DELL/Desktop/lab1/lab1/lab1/activecore/designs/rtl/udm/hdl/udm_controller.v:10]
INFO: [Synth 8-6155] done synthesizing module 'udm' (6#1) [C:/Users/DELL/Desktop/lab1/lab1/lab1/activecore/designs/rtl/udm/hdl/udm.v:10]
INFO: [Synth 8-6157] synthesizing module 'ram_dual' [C:/Users/DELL/Desktop/lab1/lab1/lab1/activecore/designs/rtl/ram/ram_dual.v:1]
	Parameter mem_init bound to: NO - type: string 
	Parameter mem_data bound to: nodata.hex - type: string 
	Parameter dat_width bound to: 32 - type: integer 
	Parameter adr_width bound to: 10 - type: integer 
	Parameter mem_size bound to: 1024 - type: integer 
INFO: [Synth 8-6155] done synthesizing module 'ram_dual' (7#1) [C:/Users/DELL/Desktop/lab1/lab1/lab1/activecore/designs/rtl/ram/ram_dual.v:1]
INFO: [Synth 8-6157] synthesizing module 'Sqrt' [C:/Users/DELL/Desktop/lab1/lab1/lab1/activecore/designs/rtl/udm/syn/NEXYS4-DDR/NEXYS4_DDR.srcs/sources_1/new/Sqrt.sv:23]
INFO: [Synth 8-6155] done synthesizing module 'Sqrt' (8#1) [C:/Users/DELL/Desktop/lab1/lab1/lab1/activecore/designs/rtl/udm/syn/NEXYS4-DDR/NEXYS4_DDR.srcs/sources_1/new/Sqrt.sv:23]
INFO: [Synth 8-6155] done synthesizing module 'NEXYS4_DDR' (9#1) [C:/Users/DELL/Desktop/lab1/lab1/lab1/activecore/designs/rtl/udm/syn/NEXYS4-DDR/NEXYS4_DDR.sv:10]
---------------------------------------------------------------------------------
Finished RTL Elaboration : Time (s): cpu = 00:00:05 ; elapsed = 00:00:05 . Memory (MB): peak = 1623.035 ; gain = 350.566
---------------------------------------------------------------------------------
---------------------------------------------------------------------------------
Start Handling Custom Attributes
---------------------------------------------------------------------------------
---------------------------------------------------------------------------------
Finished Handling Custom Attributes : Time (s): cpu = 00:00:05 ; elapsed = 00:00:06 . Memory (MB): peak = 1640.961 ; gain = 368.492
---------------------------------------------------------------------------------
---------------------------------------------------------------------------------
Finished RTL Optimization Phase 1 : Time (s): cpu = 00:00:05 ; elapsed = 00:00:06 . Memory (MB): peak = 1640.961 ; gain = 368.492
---------------------------------------------------------------------------------
Netlist sorting complete. Time (s): cpu = 00:00:00 ; elapsed = 00:00:00.105 . Memory (MB): peak = 1640.961 ; gain = 0.000
INFO: [Constraints 18-5718] GCLK Deskew mode is set to Off via param.
INFO: [Project 1-570] Preparing netlist for logic optimization

Processing XDC Constraints
Initializing timing engine
Parsing XDC File [C:/Users/DELL/Desktop/lab1/lab1/lab1/activecore/designs/rtl/udm/syn/NEXYS4-DDR/NEXYS4_DDR.runs/synth_1/.Xil/Vivado-5028-DESKTOP-CHU98O4/sys_clk/sys_clk/sys_clk_in_context.xdc] for cell 'sys_clk'
Finished Parsing XDC File [C:/Users/DELL/Desktop/lab1/lab1/lab1/activecore/designs/rtl/udm/syn/NEXYS4-DDR/NEXYS4_DDR.runs/synth_1/.Xil/Vivado-5028-DESKTOP-CHU98O4/sys_clk/sys_clk/sys_clk_in_context.xdc] for cell 'sys_clk'
Parsing XDC File [C:/Users/DELL/Desktop/lab1/lab1/lab1/activecore/designs/rtl/udm/syn/NEXYS4-DDR/NEXYS4_DDR.xdc]
Finished Parsing XDC File [C:/Users/DELL/Desktop/lab1/lab1/lab1/activecore/designs/rtl/udm/syn/NEXYS4-DDR/NEXYS4_DDR.xdc]
INFO: [Project 1-236] Implementation specific constraints were found while reading constraint file [C:/Users/DELL/Desktop/lab1/lab1/lab1/activecore/designs/rtl/udm/syn/NEXYS4-DDR/NEXYS4_DDR.xdc]. These constraints will be ignored for synthesis but will be used in implementation. Impacted constraints are listed in the file [.Xil/NEXYS4_DDR_propImpl.xdc].
Resolution: To avoid this warning, move constraints listed in [.Xil/NEXYS4_DDR_propImpl.xdc] to another XDC file and exclude this new file from synthesis with the used_in_synthesis property (File Properties dialog in GUI) and re-run elaboration/synthesis.
Completed Processing XDC Constraints

Netlist sorting complete. Time (s): cpu = 00:00:00 ; elapsed = 00:00:00 . Memory (MB): peak = 1881.195 ; gain = 0.000
INFO: [Project 1-111] Unisim Transformation Summary:
No Unisim elements were transformed.

Constraint Validation Runtime : Time (s): cpu = 00:00:01 ; elapsed = 00:00:00.009 . Memory (MB): peak = 1881.195 ; gain = 0.000
load Versal unisim library
load Versal unisim library
---------------------------------------------------------------------------------
Finished Constraint Validation : Time (s): cpu = 00:00:15 ; elapsed = 00:00:16 . Memory (MB): peak = 1881.195 ; gain = 608.727
---------------------------------------------------------------------------------
---------------------------------------------------------------------------------
Start Loading Part and Timing Information
---------------------------------------------------------------------------------
Loading part: xcvc1802-viva1596-1LHP-i-L
INFO: [Synth 8-6742] Reading net delay rules and data
---------------------------------------------------------------------------------
Finished Loading Part and Timing Information : Time (s): cpu = 00:00:15 ; elapsed = 00:00:16 . Memory (MB): peak = 1881.195 ; gain = 608.727
---------------------------------------------------------------------------------
---------------------------------------------------------------------------------
Start Applying 'set_property' XDC Constraints
---------------------------------------------------------------------------------
Applied set_property IO_BUFFER_TYPE = NONE for CLK100MHZ. (constraint file  C:/Users/DELL/Desktop/lab1/lab1/lab1/activecore/designs/rtl/udm/syn/NEXYS4-DDR/NEXYS4_DDR.runs/synth_1/.Xil/Vivado-5028-DESKTOP-CHU98O4/sys_clk/sys_clk/sys_clk_in_context.xdc, line 3).
Applied set_property CLOCK_BUFFER_TYPE = NONE for CLK100MHZ. (constraint file  C:/Users/DELL/Desktop/lab1/lab1/lab1/activecore/designs/rtl/udm/syn/NEXYS4-DDR/NEXYS4_DDR.runs/synth_1/.Xil/Vivado-5028-DESKTOP-CHU98O4/sys_clk/sys_clk/sys_clk_in_context.xdc, line 4).
Applied set_property KEEP_HIERARCHY = SOFT for sys_clk. (constraint file  auto generated constraint).
---------------------------------------------------------------------------------
Finished applying 'set_property' XDC Constraints : Time (s): cpu = 00:00:15 ; elapsed = 00:00:16 . Memory (MB): peak = 1881.195 ; gain = 608.727
---------------------------------------------------------------------------------
INFO: [Synth 8-802] inferred FSM for state register 'state_reg' in module 'uart_rx'
INFO: [Synth 8-802] inferred FSM for state register 'state_reg' in module 'uart_tx'
INFO: [Synth 8-802] inferred FSM for state register 'state_reg' in module 'udm_controller'
---------------------------------------------------------------------------------------------------
                   State |                     New Encoding |                Previous Encoding 
---------------------------------------------------------------------------------------------------
               ST_NOSYNC |                             0000 |                            00000
       ST_NOSYNC_WAIT1_1 |                             0001 |                            00001
       ST_NOSYNC_WAIT0_2 |                             0010 |                            00010
       ST_NOSYNC_WAIT1_3 |                             0011 |                            00011
       ST_NOSYNC_WAIT0_4 |                             0100 |                            00100
       ST_NOSYNC_WAIT1_5 |                             0101 |                            00101
       ST_NOSYNC_WAIT0_6 |                             0110 |                            00110
       ST_NOSYNC_WAIT1_7 |                             0111 |                            00111
       ST_NOSYNC_WAIT0_8 |                             1000 |                            01000
     ST_NOSYNC_WAIT_STOP |                             1001 |                            01001
                 ST_SYNC |                             1010 |                            01010
      ST_SYNC_WAIT_START |                             1011 |                            01011
         ST_SYNC_RX_DATA |                             1100 |                            01100
       ST_SYNC_WAIT_STOP |                             1101 |                            01101
---------------------------------------------------------------------------------------------------
INFO: [Synth 8-3354] encoded FSM with state register 'state_reg' using encoding 'sequential' in module 'uart_rx'
---------------------------------------------------------------------------------------------------
                   State |                     New Encoding |                Previous Encoding 
---------------------------------------------------------------------------------------------------
                 ST_IDLE |                               00 |                             0000
                ST_START |                               01 |                             0001
              ST_TX_DATA |                               10 |                             0010
                 ST_STOP |                               11 |                             0011
---------------------------------------------------------------------------------------------------
INFO: [Synth 8-3354] encoded FSM with state register 'state_reg' using encoding 'sequential' in module 'uart_tx'
---------------------------------------------------------------------------------------------------
                   State |                     New Encoding |                Previous Encoding 
---------------------------------------------------------------------------------------------------
                    IDLE |                              000 |                         00000000
              FETCH_ADDR |                              001 |                         00000001
            FETCH_LENGTH |                              010 |                         00000010
                WAIT_ACK |                              011 |                         00000100
               WAIT_RESP |                              100 |                         00001000
                TX_RDATA |                              101 |                         00000110
                 WAIT_TX |                              110 |                         00000111
              FETCH_DATA |                              111 |                         00000011
---------------------------------------------------------------------------------------------------
INFO: [Synth 8-3354] encoded FSM with state register 'state_reg' using encoding 'sequential' in module 'udm_controller'
INFO: [Synth 8-7030] Implemented Non-Cascaded Block Ram (cascade_height = 1) of width 32 for RAM "ram_dual:/ram_reg"
INFO: [Synth 8-3971] The signal "ram_dual:/ram_reg" was recognized as a true dual port RAM template.
---------------------------------------------------------------------------------
Finished RTL Optimization Phase 2 : Time (s): cpu = 00:00:17 ; elapsed = 00:00:18 . Memory (MB): peak = 1881.195 ; gain = 608.727
---------------------------------------------------------------------------------
---------------------------------------------------------------------------------
Start RTL Component Statistics 
---------------------------------------------------------------------------------
Detailed RTL Component Info : 
+---Adders : 
	   2 Input   32 Bit       Adders := 15    
	   3 Input   32 Bit       Adders := 140   
	   2 Input    3 Bit       Adders := 2     
	   2 Input    2 Bit       Adders := 1     
+---Registers : 
	               32 Bit    Registers := 21    
	               29 Bit    Registers := 1     
	               16 Bit    Registers := 1     
	               10 Bit    Registers := 1     
	                8 Bit    Registers := 6     
	                4 Bit    Registers := 1     
	                3 Bit    Registers := 2     
	                2 Bit    Registers := 1     
	                1 Bit    Registers := 25    
+---RAMs : 
	              32K Bit	(1024 X 32 bit)          RAMs := 1     
+---Muxes : 
	   2 Input   32 Bit        Muxes := 312   
	  14 Input   32 Bit        Muxes := 1     
	   4 Input   32 Bit        Muxes := 1     
	   8 Input   32 Bit        Muxes := 5     
	  12 Input   32 Bit        Muxes := 1     
	   2 Input   10 Bit        Muxes := 2     
	  14 Input    8 Bit        Muxes := 1     
	   4 Input    8 Bit        Muxes := 1     
	   8 Input    8 Bit        Muxes := 1     
	   2 Input    8 Bit        Muxes := 2     
	   6 Input    8 Bit        Muxes := 1     
	  14 Input    4 Bit        Muxes := 1     
	  12 Input    4 Bit        Muxes := 1     
	  14 Input    3 Bit        Muxes := 1     
	   4 Input    3 Bit        Muxes := 1     
	  23 Input    3 Bit        Muxes := 1     
	   4 Input    2 Bit        Muxes := 1     
	   8 Input    2 Bit        Muxes := 2     
	   2 Input    2 Bit        Muxes := 1     
	   2 Input    1 Bit        Muxes := 37    
	  14 Input    1 Bit        Muxes := 7     
	   4 Input    1 Bit        Muxes := 7     
	   3 Input    1 Bit        Muxes := 11    
	   5 Input    1 Bit        Muxes := 2     
	   8 Input    1 Bit        Muxes := 22    
	  12 Input    1 Bit        Muxes := 2     
---------------------------------------------------------------------------------
Finished RTL Component Statistics 
---------------------------------------------------------------------------------
---------------------------------------------------------------------------------
Start Part Resource Summary
---------------------------------------------------------------------------------
Part Resources:
DSPs: 1600 (col length:164)
BRAMs: 1600 (col length: RAMB18 168 RAMB36 84)
---------------------------------------------------------------------------------
Finished Part Resource Summary
---------------------------------------------------------------------------------
---------------------------------------------------------------------------------
Start Cross Boundary and Area Optimization
---------------------------------------------------------------------------------
RAM ("NEXYS4_DDR/testmem/ram_reg") is too shallow (depth = 1024) to use URAM. Choosing BRAM instead of URAM 
INFO: [Synth 8-7030] Implemented Non-Cascaded Block Ram (cascade_height = 1) of width 32 for RAM "NEXYS4_DDR/testmem/ram_reg"
---------------------------------------------------------------------------------
Finished Cross Boundary and Area Optimization : Time (s): cpu = 00:00:30 ; elapsed = 00:00:31 . Memory (MB): peak = 1881.195 ; gain = 608.727
---------------------------------------------------------------------------------
---------------------------------------------------------------------------------
Start ROM, RAM, DSP, Shift Register and Retiming Reporting
---------------------------------------------------------------------------------

Block RAM: Preliminary Mapping	Report (see note below)
+------------+-----------------+------------------------+---+---+------------------------+---+---+------------------+--------+--------+-----------------+
|Module Name | RTL Object      | PORT A (Depth x Width) | W | R | PORT B (Depth x Width) | W | R | Ports driving FF | RAMB18 | RAMB36 | Cascade Heights | 
+------------+-----------------+------------------------+---+---+------------------------+---+---+------------------+--------+--------+-----------------+
|NEXYS4_DDR  | testmem/ram_reg | 1 K x 32(READ_FIRST)   | W | R |                        |   |   | Port A           | 0      | 1      | 1               | 
+------------+-----------------+------------------------+---+---+------------------------+---+---+------------------+--------+--------+-----------------+

Note: The table above is a preliminary report that shows the Block RAMs at the current stage of the synthesis flow. Some Block RAMs may be reimplemented as non Block RAM primitives later in the synthesis flow. Multiple instantiated Block RAMs are reported only once. 
---------------------------------------------------------------------------------
Finished ROM, RAM, DSP, Shift Register and Retiming Reporting
---------------------------------------------------------------------------------
INFO: [Device 21-2210] 2 Level speed models with no predriver populated from models with predrivers.  Count = 65
---------------------------------------------------------------------------------
Start Applying XDC Timing Constraints
---------------------------------------------------------------------------------
---------------------------------------------------------------------------------
Finished Applying XDC Timing Constraints : Time (s): cpu = 00:01:01 ; elapsed = 00:01:03 . Memory (MB): peak = 2738.258 ; gain = 1465.789
---------------------------------------------------------------------------------
---------------------------------------------------------------------------------
Start Timing Optimization
---------------------------------------------------------------------------------
---------------------------------------------------------------------------------
Finished Timing Optimization : Time (s): cpu = 00:01:07 ; elapsed = 00:01:10 . Memory (MB): peak = 2828.238 ; gain = 1555.770
---------------------------------------------------------------------------------
---------------------------------------------------------------------------------
Start ROM, RAM, DSP, Shift Register and Retiming Reporting
---------------------------------------------------------------------------------

Block RAM: Final Mapping	Report
+------------+-----------------+------------------------+---+---+------------------------+---+---+------------------+--------+--------+-----------------+
|Module Name | RTL Object      | PORT A (Depth x Width) | W | R | PORT B (Depth x Width) | W | R | Ports driving FF | RAMB18 | RAMB36 | Cascade Heights | 
+------------+-----------------+------------------------+---+---+------------------------+---+---+------------------+--------+--------+-----------------+
|NEXYS4_DDR  | testmem/ram_reg | 1 K x 32(READ_FIRST)   | W | R |                        |   |   | Port A           | 0      | 1      | 1               | 
+------------+-----------------+------------------------+---+---+------------------------+---+---+------------------+--------+--------+-----------------+

---------------------------------------------------------------------------------
Finished ROM, RAM, DSP, Shift Register and Retiming Reporting
---------------------------------------------------------------------------------
---------------------------------------------------------------------------------
Start Technology Mapping
---------------------------------------------------------------------------------
INFO: [Synth 8-7052] The timing for the instance testmem/ram_reg_bram_0 (implemented as a Block RAM) might be sub-optimal as no optional output register could be merged into the ram block. Providing additional output register may help in improving timing.
---------------------------------------------------------------------------------
Finished Technology Mapping : Time (s): cpu = 00:01:15 ; elapsed = 00:01:17 . Memory (MB): peak = 2963.945 ; gain = 1691.477
---------------------------------------------------------------------------------
---------------------------------------------------------------------------------
Start IO Insertion
---------------------------------------------------------------------------------
---------------------------------------------------------------------------------
Start Flattening Before IO Insertion
---------------------------------------------------------------------------------
---------------------------------------------------------------------------------
Finished Flattening Before IO Insertion
---------------------------------------------------------------------------------
---------------------------------------------------------------------------------
Start Final Netlist Cleanup
---------------------------------------------------------------------------------
---------------------------------------------------------------------------------
Finished Final Netlist Cleanup
---------------------------------------------------------------------------------
---------------------------------------------------------------------------------
Finished IO Insertion : Time (s): cpu = 00:01:18 ; elapsed = 00:01:20 . Memory (MB): peak = 2970.195 ; gain = 1697.727
---------------------------------------------------------------------------------
---------------------------------------------------------------------------------
Start Renaming Generated Instances
---------------------------------------------------------------------------------
---------------------------------------------------------------------------------
Finished Renaming Generated Instances : Time (s): cpu = 00:01:18 ; elapsed = 00:01:20 . Memory (MB): peak = 2970.195 ; gain = 1697.727
---------------------------------------------------------------------------------
---------------------------------------------------------------------------------
Start Rebuilding User Hierarchy
---------------------------------------------------------------------------------
---------------------------------------------------------------------------------
Finished Rebuilding User Hierarchy : Time (s): cpu = 00:01:18 ; elapsed = 00:01:20 . Memory (MB): peak = 2970.195 ; gain = 1697.727
---------------------------------------------------------------------------------
---------------------------------------------------------------------------------
Start Renaming Generated Ports
---------------------------------------------------------------------------------
---------------------------------------------------------------------------------
Finished Renaming Generated Ports : Time (s): cpu = 00:01:18 ; elapsed = 00:01:20 . Memory (MB): peak = 2970.195 ; gain = 1697.727
---------------------------------------------------------------------------------
---------------------------------------------------------------------------------
Start Handling Custom Attributes
---------------------------------------------------------------------------------
---------------------------------------------------------------------------------
Finished Handling Custom Attributes : Time (s): cpu = 00:01:18 ; elapsed = 00:01:21 . Memory (MB): peak = 2970.195 ; gain = 1697.727
---------------------------------------------------------------------------------
---------------------------------------------------------------------------------
Start Renaming Generated Nets
---------------------------------------------------------------------------------
---------------------------------------------------------------------------------
Finished Renaming Generated Nets : Time (s): cpu = 00:01:18 ; elapsed = 00:01:21 . Memory (MB): peak = 2970.195 ; gain = 1697.727
---------------------------------------------------------------------------------
---------------------------------------------------------------------------------
Start Writing Synthesis Report
---------------------------------------------------------------------------------

Report BlackBoxes: 
+------+--------------+----------+
|      |BlackBox name |Instances |
+------+--------------+----------+
|1     |sys_clk       |         1|
+------+--------------+----------+

Report Cell Usage: 
+------+-------------+------+
|      |Cell         |Count |
+------+-------------+------+
|1     |sys_clk      |     1|
|2     |LOOKAHEAD8   |   988|
|8     |LUT1         |     4|
|9     |LUT2         |   507|
|10    |LUT3         |   522|
|11    |LUT4         |   283|
|12    |LUT5         |   988|
|13    |LUT6         |   684|
|14    |LUT6CY       |  7384|
|15    |LUT6         |    27|
|16    |RAMB36E5_INT |     1|
|17    |FDCE         |    73|
|18    |FDPE         |     4|
|19    |FDRE         |   659|
|20    |FDSE         |     3|
|21    |IBUF         |    18|
|22    |OBUF         |    17|
+------+-------------+------+
---------------------------------------------------------------------------------
Finished Writing Synthesis Report : Time (s): cpu = 00:01:18 ; elapsed = 00:01:21 . Memory (MB): peak = 2970.195 ; gain = 1697.727
---------------------------------------------------------------------------------
Synthesis finished with 0 errors, 0 critical warnings and 0 warnings.
Synthesis Optimization Runtime : Time (s): cpu = 00:01:07 ; elapsed = 00:01:14 . Memory (MB): peak = 2970.195 ; gain = 1457.492
Synthesis Optimization Complete : Time (s): cpu = 00:01:19 ; elapsed = 00:01:21 . Memory (MB): peak = 2970.195 ; gain = 1697.727
INFO: [Project 1-571] Translating synthesized netlist
Netlist sorting complete. Time (s): cpu = 00:00:00 ; elapsed = 00:00:00.195 . Memory (MB): peak = 2982.238 ; gain = 0.000
INFO: [Netlist 29-17] Analyzing 7412 Unisim elements for replacement
INFO: [Netlist 29-28] Unisim Transformation completed in 1 CPU seconds
WARNING: [Netlist 29-101] Netlist 'NEXYS4_DDR' is not ideal for floorplanning, since the cellview 'NEXYS4_DDR' contains a large number of primitives.  Please consider enabling hierarchy in synthesis if you want to do floorplanning.
INFO: [Constraints 18-5718] GCLK Deskew mode is set to Off via param.
INFO: [Project 1-570] Preparing netlist for logic optimization
INFO: [Opt 31-138] Pushed 0 inverter(s) to 0 load pin(s).
Netlist sorting complete. Time (s): cpu = 00:00:00 ; elapsed = 00:00:00.026 . Memory (MB): peak = 3007.328 ; gain = 0.000
INFO: [Project 1-111] Unisim Transformation Summary:
  A total of 7412 instances were transformed.
  LUT6CY => LUT6CY (LUTCY1, LUTCY2): 7384 instances
  LUT6_2 => LUT6_2 (LUT5, LUT6): 27 instances
  RAMB36E5 => RAMB36E5_INT: 1 instance 

Synth Design complete, checksum: 1fab2ab6
INFO: [Common 17-83] Releasing license: Synthesis
50 Infos, 4 Warnings, 0 Critical Warnings and 0 Errors encountered.
synth_design completed successfully
synth_design: Time (s): cpu = 00:01:37 ; elapsed = 00:01:39 . Memory (MB): peak = 3007.328 ; gain = 1904.055
INFO: [Common 17-1381] The checkpoint 'C:/Users/DELL/Desktop/lab1/lab1/lab1/activecore/designs/rtl/udm/syn/NEXYS4-DDR/NEXYS4_DDR.runs/synth_1/NEXYS4_DDR.dcp' has been generated.
INFO: [runtcl-4] Executing : report_utilization -file NEXYS4_DDR_utilization_synth.rpt -pb NEXYS4_DDR_utilization_synth.pb
INFO: [Common 17-206] Exiting Vivado at Sat Jun 12 00:53:30 2021...
