Vivado Simulator v2020.3.0
Copyright 1986-1999, 2001-2021 Xilinx, Inc. All Rights Reserved.
Running: C:/Xilinx/Vivado/2020.3/bin/unwrapped/win64.o/xelab.exe -wto dbe4f722851248e3976cc912f1a3ff99 --incr --debug typical --relax --mt 2 -L xil_defaultlib -L uvm -L unisims_ver -L unimacro_ver -L unisims_ver -L secureip -L xpm --snapshot tb_behav xil_defaultlib.tb xil_defaultlib.glbl -log elaborate.log 
Using 2 slave threads.
Starting static elaboration
Pass Through NonSizing Optimizer
Completed static elaboration
Starting simulation data flow analysis
WARNING: [XSIM 43-4099] "C:/Users/DELL/Desktop/labone/activecore-master/designs/rtl/reset_sync/reset_sync.v" Line 1. Module reset_sync doesn't have a timescale but at least one module in design has a timescale.
WARNING: [XSIM 43-4099] "C:/Users/DELL/Desktop/labone/activecore-master/designs/rtl/udm/hdl/udm.v" Line 10. Module udm(BUS_TIMEOUT=100,RTX_EXTERNAL_OVERRIDE="YES") doesn't have a timescale but at least one module in design has a timescale.
WARNING: [XSIM 43-4099] "C:/Users/DELL/Desktop/labone/activecore-master/designs/rtl/udm/hdl/uart_rx.v" Line 10. Module uart_rx(RTX_EXTERNAL_OVERRIDE="YES") doesn't have a timescale but at least one module in design has a timescale.
WARNING: [XSIM 43-4099] "C:/Users/DELL/Desktop/labone/activecore-master/designs/rtl/udm/hdl/uart_tx.v" Line 10. Module uart_tx(RTX_EXTERNAL_OVERRIDE="YES") doesn't have a timescale but at least one module in design has a timescale.
WARNING: [XSIM 43-4099] "C:/Users/DELL/Desktop/labone/activecore-master/designs/rtl/udm/hdl/udm_controller.v" Line 10. Module udm_controller(BUS_TIMEOUT=100) doesn't have a timescale but at least one module in design has a timescale.
WARNING: [XSIM 43-4099] "C:/Users/DELL/Desktop/labone/activecore-master/designs/rtl/ram/ram_dual.v" Line 1. Module ram_dual(mem_init="NO",mem_data="nodata.hex",adr_width=10) doesn't have a timescale but at least one module in design has a timescale.
WARNING: [XSIM 43-4099] "C:/Users/DELL/Desktop/labone/activecore-master/designs/rtl/reset_sync/reset_sync.v" Line 1. Module reset_sync doesn't have a timescale but at least one module in design has a timescale.
WARNING: [XSIM 43-4099] "C:/Users/DELL/Desktop/labone/activecore-master/designs/rtl/udm/hdl/udm.v" Line 10. Module udm(BUS_TIMEOUT=100,RTX_EXTERNAL_OVERRIDE="YES") doesn't have a timescale but at least one module in design has a timescale.
WARNING: [XSIM 43-4099] "C:/Users/DELL/Desktop/labone/activecore-master/designs/rtl/udm/hdl/uart_rx.v" Line 10. Module uart_rx(RTX_EXTERNAL_OVERRIDE="YES") doesn't have a timescale but at least one module in design has a timescale.
WARNING: [XSIM 43-4099] "C:/Users/DELL/Desktop/labone/activecore-master/designs/rtl/udm/hdl/uart_tx.v" Line 10. Module uart_tx(RTX_EXTERNAL_OVERRIDE="YES") doesn't have a timescale but at least one module in design has a timescale.
WARNING: [XSIM 43-4099] "C:/Users/DELL/Desktop/labone/activecore-master/designs/rtl/udm/hdl/udm_controller.v" Line 10. Module udm_controller(BUS_TIMEOUT=100) doesn't have a timescale but at least one module in design has a timescale.
WARNING: [XSIM 43-4099] "C:/Users/DELL/Desktop/labone/activecore-master/designs/rtl/ram/ram_dual.v" Line 1. Module ram_dual(mem_init="NO",mem_data="nodata.hex",adr_width=10) doesn't have a timescale but at least one module in design has a timescale.
Completed simulation data flow analysis
Time Resolution for simulation is 1ps
Compiling module unisims_ver.BUFGCE(CE_TYPE="ASYNC",SIM_DEVIC...
Compiling module unisims_ver.IBUF
Compiling module unisims_ver.MMCME5(CLKFBOUT_MULT=30,CLKIN1_P...
Compiling module xil_defaultlib.sys_clk_clk_wiz
Compiling module xil_defaultlib.sys_clk
Compiling module xil_defaultlib.reset_sync
Compiling module xil_defaultlib.uart_rx(RTX_EXTERNAL_OVERRIDE="Y...
Compiling module xil_defaultlib.uart_tx(RTX_EXTERNAL_OVERRIDE="Y...
Compiling module xil_defaultlib.udm_controller(BUS_TIMEOUT=100)
Compiling module xil_defaultlib.udm(BUS_TIMEOUT=100,RTX_EXTERNAL...
Compiling module xil_defaultlib.ram_dual(mem_init="NO",mem_data=...
Compiling module xil_defaultlib.Sqrt_comb
Compiling module xil_defaultlib.NEXYS4_DDR(SIM="YES")
Compiling module xil_defaultlib.tb
Compiling module xil_defaultlib.glbl
Built simulation snapshot tb_behav
